<?xml version="1.0" encoding="UTF-8"?>
<!-- Generated by org.testng.reporters.JUnitReportReporter -->
<testsuite hostname="BSCAL407513.local" name="interview.prep.automation3.FirstWebDriver" tests="1" failures="0" timestamp="19 Feb 2017 23:16:27 GMT" time="10.354" errors="0">
  <testcase name="homePage" time="10.354" classname="interview.prep.automation3.FirstWebDriver"/>
</testsuite> <!-- interview.prep.automation3.FirstWebDriver -->
